<?xml version="1.0" encoding="UTF-8"?>
<!-- Generated by org.testng.reporters.JUnitReportReporter -->
<testsuite hostname="DESKTOP-CJEOGTC" failures="0" tests="1" name="cucumberRunner.ShoppingDemoRunner" time="57.780" errors="0" timestamp="2022-08-07T17:39:17 IST" skipped="0">
  <testcase classname="cucumberRunner.ShoppingDemoRunner" name="runScenario" time="57.780"/>
  <system-out/>
</testsuite> <!-- cucumberRunner.ShoppingDemoRunner -->
