<?xml version="1.0" encoding="UTF-8"?>
<!-- Generated by org.testng.reporters.JUnitReportReporter -->
<testsuite hostname="DESKTOP-CJEOGTC" failures="0" tests="1" name="cucumberRunner.ShoppingDemoRunner" time="146.859" errors="0" timestamp="2022-08-06T10:43:03 IST" skipped="0">
  <testcase classname="cucumberRunner.ShoppingDemoRunner" name="runScenario" time="146.859"/>
  <system-out/>
</testsuite> <!-- cucumberRunner.ShoppingDemoRunner -->
